<?xml version="1.0" encoding="UTF-8"?>
<!-- Generated by org.testng.reporters.JUnitReportReporter -->
<testsuite hostname="Rahuldeo-PC" name="Concept.VerifyActiTime" tests="1" failures="0" timestamp="24 Mar 2018 09:58:12 GMT" time="0.016" errors="0">
  <testcase name="testConfig" time="0.016" classname="Concept.VerifyActiTime"/>
</testsuite> <!-- Concept.VerifyActiTime -->
