<?xml version="1.0" encoding="UTF-8"?>
<!-- Generated by org.testng.reporters.JUnitReportReporter -->
<testsuite hostname="Rahuldeo-PC" name="Concept1.TestScriptInChrome" tests="1" failures="0" timestamp="24 Mar 2018 10:03:03 GMT" time="12.487" errors="0">
  <testcase name="testChrome" time="12.487" classname="Concept1.TestScriptInChrome"/>
</testsuite> <!-- Concept1.TestScriptInChrome -->
