<?xml version="1.0" encoding="UTF-8"?>
<!-- Generated by org.testng.reporters.JUnitReportReporter -->
<testsuite hostname="Rahuldeo-PC" name="ObjectRepository.VerifyActiTime" tests="1" failures="0" timestamp="11 Mar 2018 08:05:31 GMT" time="0.025" errors="0">
  <testcase name="testConfig" time="0.025" classname="ObjectRepository.VerifyActiTime"/>
</testsuite> <!-- ObjectRepository.VerifyActiTime -->
