<?xml version="1.0" encoding="UTF-8"?>
<!-- Generated by org.testng.reporters.JUnitReportReporter -->
<testsuite hostname="Rahuldeo-PC" name="MyPack.NewTest" tests="1" failures="0" timestamp="7 Jun 2016 14:04:03 GMT" time="0.013" errors="0">
  <testcase name="f" time="0.013" classname="MyPack.NewTest"/>
</testsuite> <!-- MyPack.NewTest -->
