<?xml version="1.0" encoding="UTF-8"?>
<!-- Generated by org.testng.reporters.JUnitReportReporter -->
<testsuite hostname="Rahuldeo-PC" name="MyPack.PrintHelloWorld" tests="1" failures="0" timestamp="15 Sep 2018 05:54:17 GMT" time="0.023" errors="0">
  <testcase name="f" time="0.023" classname="MyPack.PrintHelloWorld"/>
</testsuite> <!-- MyPack.PrintHelloWorld -->
