<?xml version="1.0" encoding="UTF-8"?>
<!-- Generated by org.testng.reporters.JUnitReportReporter -->
<testsuite hostname="Rahuldeo-PC" name="MyPack.OrderOfAnnotationExecutionInTestNg" tests="1" failures="0" timestamp="15 Sep 2018 10:44:14 GMT" time="0.016" errors="0">
  <testcase name="f" time="0.016" classname="MyPack.OrderOfAnnotationExecutionInTestNg"/>
</testsuite> <!-- MyPack.OrderOfAnnotationExecutionInTestNg -->
