<?xml version="1.0" encoding="UTF-8"?>
<!-- Generated by org.testng.reporters.JUnitReportReporter -->
<testsuite hostname="Rahuldeo-PC" name="MyPack.MultipleBrowser" tests="1" failures="0" timestamp="7 Jun 2016 13:43:51 GMT" time="66.440" errors="0">
  <testcase name="f" time="66.440" classname="MyPack.MultipleBrowser"/>
</testsuite> <!-- MyPack.MultipleBrowser -->
