<?xml version="1.0" encoding="UTF-8"?>
<!-- Generated by org.testng.reporters.JUnitReportReporter -->
<testsuite hostname="Rahuldeo-PC" name="MyPack.ActiTime" tests="1" failures="0" timestamp="6 May 2018 07:33:28 GMT" time="30.510" errors="0">
  <testcase name="f" time="30.510" classname="MyPack.ActiTime"/>
</testsuite> <!-- MyPack.ActiTime -->
