<?xml version="1.0" encoding="UTF-8"?>
<!-- Generated by org.testng.reporters.JUnitReportReporter -->
<testsuite hostname="Rahuldeo-PC" name="MyPack.DataProviderAnnotations" tests="2" failures="0" timestamp="7 Jun 2016 14:47:33 GMT" time="0.032" errors="0">
  <testcase name="f" time="0.006" classname="MyPack.DataProviderAnnotations"/>
  <testcase name="f" time="0.026" classname="MyPack.DataProviderAnnotations"/>
</testsuite> <!-- MyPack.DataProviderAnnotations -->
