<?xml version="1.0" encoding="UTF-8"?>
<!-- Generated by org.testng.reporters.JUnitReportReporter -->
<testsuite hostname="Rahuldeo-PC" name="MyPack1.NewTest1" tests="1" failures="0" timestamp="4 Mar 2018 09:39:46 GMT" time="0.022" errors="0">
  <testcase name="f" time="0.022" classname="MyPack1.NewTest1"/>
</testsuite> <!-- MyPack1.NewTest1 -->
